Arguments: 
  /home/lalosh/.nvm/versions/node/v12.18.3/bin/node /usr/share/yarn/bin/yarn.js add --dev react react-dom webpack webpack-cli @babel/core @babel/cli @babel/preset-env babel-load style-loader css-loader html-webpack-plugin

PATH: 
  /home/lalosh/.yarn/bin:/home/lalosh/.nvm/versions/node/v12.18.3/bin:/home/lalosh/.local/bin:/usr/local/sbin:/usr/local/bin:/usr/sbin:/usr/bin:/sbin:/bin:/usr/games:/usr/local/games:/snap/bin

Yarn version: 
  1.22.5

Node version: 
  12.18.3

Platform: 
  linux x64

Trace: 
  Error: https://registry.yarnpkg.com/babel-load: Not found
      at Request.params.callback [as _callback] (/usr/share/yarn/lib/cli.js:66988:18)
      at Request.self.callback (/usr/share/yarn/lib/cli.js:140749:22)
      at Request.emit (events.js:315:20)
      at Request.<anonymous> (/usr/share/yarn/lib/cli.js:141721:10)
      at Request.emit (events.js:315:20)
      at IncomingMessage.<anonymous> (/usr/share/yarn/lib/cli.js:141643:12)
      at Object.onceWrapper (events.js:421:28)
      at IncomingMessage.emit (events.js:327:22)
      at endReadableNT (_stream_readable.js:1220:12)
      at processTicksAndRejections (internal/process/task_queues.js:84:21)

npm manifest: 
  {
    "name": "greeting-component",
    "version": "1.0.0",
    "description": "",
    "main": "index.js",
    "scripts": {
      "test": "echo \"Error: no test specified\" && exit 1"
    },
    "repository": {
      "type": "git",
      "url": "git+https://github.com/lalosh/greeting-component.git"
    },
    "keywords": [],
    "author": "",
    "license": "ISC",
    "bugs": {
      "url": "https://github.com/lalosh/greeting-component/issues"
    },
    "homepage": "https://github.com/lalosh/greeting-component#readme"
  }

yarn manifest: 
  No manifest

Lockfile: 
  No lockfile
